<?xml version="1.0" encoding="UTF-8"?>
<testng-results ignored="0" total="1" passed="1" failed="0" skipped="0">
  <reporter-output>
  </reporter-output>
  <suite started-at="2022-09-19T21:44:10 EDT" name="ClipBoardHealthProject" finished-at="2022-09-19T21:44:17 EDT" duration-ms="7437">
    <groups>
    </groups>
    <test started-at="2022-09-19T21:44:10 EDT" name="ClipBoardHealthTests" finished-at="2022-09-19T21:44:17 EDT" duration-ms="7437">
      <class name="com.ClipBoardHealth.testCases.TC_DemoTest_001">
        <test-method is-config="true" signature="setUp()[pri:0, instance:com.ClipBoardHealth.testCases.TC_DemoTest_001@550ee7e5]" started-at="2022-09-19T21:44:10 EDT" name="setUp" finished-at="2022-09-19T21:44:17 EDT" duration-ms="6894" status="PASS">
          <reporter-output>
          </reporter-output>
        </test-method> <!-- setUp -->
        <test-method signature="sampleTest()[pri:0, instance:com.ClipBoardHealth.testCases.TC_DemoTest_001@550ee7e5]" started-at="2022-09-19T21:44:17 EDT" name="sampleTest" finished-at="2022-09-19T21:44:17 EDT" duration-ms="2" status="PASS">
          <reporter-output>
          </reporter-output>
        </test-method> <!-- sampleTest -->
        <test-method is-config="true" signature="tearDown()[pri:0, instance:com.ClipBoardHealth.testCases.TC_DemoTest_001@550ee7e5]" started-at="2022-09-19T21:44:17 EDT" name="tearDown" finished-at="2022-09-19T21:44:17 EDT" duration-ms="179" status="PASS">
          <reporter-output>
          </reporter-output>
        </test-method> <!-- tearDown -->
      </class> <!-- com.ClipBoardHealth.testCases.TC_DemoTest_001 -->
    </test> <!-- ClipBoardHealthTests -->
  </suite> <!-- ClipBoardHealthProject -->
</testng-results>
